<?xml version="1.0" encoding="UTF-8"?>
<beans xmlns="http://www.springframework.org/schema/beans"
	xmlns:security="http://www.springframework.org/schema/security"
	xmlns:xsi="http://www.w3.org/2001/XMLSchema-instance" 
	xmlns:context="http://www.springframework.org/schema/context"
	xmlns:tx="http://www.springframework.org/schema/tx" 
	xmlns:p="http://www.springframework.org/schema/p"
	xmlns:util="http://www.springframework.org/schema/util"
	xsi:schemaLocation="
    http://www.springframework.org/schema/beans http://www.springframework.org/schema/beans/spring-beans-3.0.xsd
    http://www.springframework.org/schema/security http://www.springframework.org/schema/security/spring-security-3.0.4.xsd
    http://www.springframework.org/schema/context http://www.springframework.org/schema/context/spring-context-3.0.xsd
    http://www.springframework.org/schema/util http://www.springframework.org/schema/util/spring-util-3.0.xsd
    http://www.springframework.org/schema/tx http://www.springframework.org/schema/tx/spring-tx.xsd"
	default-lazy-init="true">

	<bean id="persistenceUnitManager" class="org.springframework.orm.jpa.persistenceunit.DefaultPersistenceUnitManager">
		<property name="persistenceXmlLocations">
			<list>
				<value>classpath:META-INF/persistence.xml</value>
			</list>
		</property>
		<property name="dataSources">
			<map>
				<!-- <entry key="localDataSource" value-ref="local-db" /> -->
				<entry key="testDataSource" value-ref="testDataSource" />
			</map>
		</property>
		<!-- if no datasource is specified, use this one -->
		<property name="defaultDataSource" ref="testDataSource" />
	</bean>

	<bean id="entityManagerFactory" class="org.springframework.orm.jpa.LocalContainerEntityManagerFactoryBean">
		<property name="persistenceUnitManager" ref="persistenceUnitManager" />
		<property name="persistenceUnitName" value="collectPersistenceUnit" />
	</bean>

	<bean id="testDataSource" class="org.apache.commons.dbcp.BasicDataSource" destroy-method="close">
		<property name="driverClassName" value="org.postgresql.Driver" />
		<property name="url" value="jdbc:postgresql://localhost:5432/naforma" />
		<property name="username" value="postgres" />
		<property name="password" value="postgres" />
	</bean>

	<!-- enables interpretation of the @PersistenceUnit/@PersistenceContext 
		annotations providing convenient access to EntityManagerFactory/EntityManager -->
	<bean
		class="org.springframework.orm.jpa.support.PersistenceAnnotationBeanPostProcessor" />

	<!-- transaction manager for use with a single JPA EntityManagerFactory 
		for transactional data access to a single datasource -->
	<bean id="transactionManager" class="org.springframework.orm.jpa.JpaTransactionManager">
		<property name="entityManagerFactory" ref="entityManagerFactory" />
	</bean>

	<!-- enables interpretation of the @Transactional annotation for declerative transaction managment using the specified JpaTransactionManager -->
	<tx:annotation-driven transaction-manager="transactionManager" proxy-target-class="false" />

</beans>
