<root 
    xmlns:collect="http://www.openforis.org/collect/3.0/collect"
    xmlns:ui="http://www.openforis.org/collect/3.0/ui"
    xmlns:xsi="http://www.w3.org/2001/XMLSchema-instance"
    xsi:schemaLocation="http://www.openforis.org/collect/3.0/ui https://raw.github.com/openforis/collect/alpha5/collect-core/src/main/resources/idml3-ui.xsd">    
    <configuration>
        <flex xmlns="http://www.openforis.org/collect/3.0/ui">
        	<tabDefinition name="cluster">				
				<tabs>
		        	<tab name="cluster">
		                <label>Cluster</label>
		            </tab>
		            <tab name="plot">
		                <label>Plot</label>
		                <tabs>
			                <tab name="plot_det">
			                    <label>Details (2)</label>
			                </tab>
			                <tab name="shrubs_regen">
			                    <label>Shrubs &amp; Regeneration (3)</label>
			                </tab>
			                <tab name="tree">
			                    <label>Trees (4)</label>
			                </tab>
			                <tab name="dead_wood">
			                    <label>Dead Wood (5a)</label>
			                </tab>
			                <tab name="stump">
			                    <label>Stumps (5b)</label>
			                </tab>
			                <tab name="bamboo">
			                    <label>Bamboo (6)</label>
			                </tab>
			        	</tabs>
		            </tab>
		            <tab name="informant">
						<label>Informant Interviews</label>
					</tab>
		            <tab name="household">
		                <label>Household Surveys</label>
		                <tabs>
			                <tab name="hs_general">
			                    <label>General (A/B/C)</label>
			                </tab>
			                <tab name="hs_assets">
			                    <label>Assets (D)</label>
			                </tab>
			                <tab name="hs_foodsecurity">
			                    <label>Food Security (E)</label>
			                </tab>
			                <tab name="hs_income_opinions">
			                    <label>Income &amp; Opinions (F/G)</label>
			                </tab>
			                <tab name="hs_forest_products">
			                    <label>Forest Products &amp; Services (H)</label>
			                </tab>
			                <tab name="hs_org_comments">
			                    <label>Organizations &amp; Comments (I/J)</label>
			                </tab>
			                <tab name="hs_forest_governance">
			                    <label>Forest Governance (K)</label>
			                </tab>
			                <tab name="hs_comments">
			                    <label>Comments</label>
			                </tab>
		        		</tabs>
		            </tab>	
		      	</tabs>
			</tabDefinition>
        </flex>
    </configuration>
</root>
